[..0944/PA3/src/util.cu:74 (argParse)] dset = "arxiv" (std::string)
[..0944/PA3/src/data.cu:5 (load_graph)] loading
[..44/PA3/test/main.cpp:15 (main)] kLen = 256 (int)
Note: Google Test filter = SpMMCPUTest.*
[==========] Running 2 tests from 1 test suite.
[----------] Global test environment set-up.
[----------] 2 tests from SpMMCPUTest
[ RUN      ] SpMMCPUTest.validation
[       OK ] SpMMCPUTest.validation (3134 ms)
[ RUN      ] SpMMCPUTest.opt_performance
[..st/test_spmm_cpu.cpp:50 (TestBody)] time = 0.0490307 (double)
[       OK ] SpMMCPUTest.opt_performance (2377 ms)
[----------] 2 tests from SpMMCPUTest (5511 ms total)

[----------] Global test environment tear-down
[==========] 2 tests from 1 test suite ran. (5512 ms total)
[  PASSED  ] 2 tests.
[..0944/PA3/src/util.cu:74 (argParse)] dset = "ddi" (std::string)
[..0944/PA3/src/data.cu:5 (load_graph)] loading
[..44/PA3/test/main.cpp:15 (main)] kLen = 256 (int)
Note: Google Test filter = SpMMCPUTest.*
[==========] Running 2 tests from 1 test suite.
[----------] Global test environment set-up.
[----------] 2 tests from SpMMCPUTest
[ RUN      ] SpMMCPUTest.validation
[       OK ] SpMMCPUTest.validation (3295 ms)
[ RUN      ] SpMMCPUTest.opt_performance
[..st/test_spmm_cpu.cpp:50 (TestBody)] time = 0.0773604 (double)
[       OK ] SpMMCPUTest.opt_performance (2054 ms)
[----------] 2 tests from SpMMCPUTest (5350 ms total)

[----------] Global test environment tear-down
[==========] 2 tests from 1 test suite ran. (5350 ms total)
[  PASSED  ] 2 tests.
[..0944/PA3/src/util.cu:74 (argParse)] dset = "yelp" (std::string)
[..0944/PA3/src/data.cu:5 (load_graph)] loading
[..44/PA3/test/main.cpp:15 (main)] kLen = 256 (int)
Note: Google Test filter = SpMMCPUTest.*
[==========] Running 2 tests from 1 test suite.
[----------] Global test environment set-up.
[----------] 2 tests from SpMMCPUTest
[ RUN      ] SpMMCPUTest.validation
[       OK ] SpMMCPUTest.validation (27570 ms)
[ RUN      ] SpMMCPUTest.opt_performance
[..st/test_spmm_cpu.cpp:50 (TestBody)] time = 0.528025 (double)
[       OK ] SpMMCPUTest.opt_performance (17952 ms)
[----------] 2 tests from SpMMCPUTest (45523 ms total)

[----------] Global test environment tear-down
[==========] 2 tests from 1 test suite ran. (45523 ms total)
[  PASSED  ] 2 tests.
