[..0944/PA3/src/util.cu:74 (argParse)] dset = "arxiv" (std::string)
[..0944/PA3/src/data.cu:5 (load_graph)] loading
[..44/PA3/test/main.cpp:15 (main)] kLen = 256 (int)
Note: Google Test filter = SpMMTest.*
[==========] Running 3 tests from 1 test suite.
[----------] Global test environment set-up.
[----------] 3 tests from SpMMTest
[ RUN      ] SpMMTest.validation
[       OK ] SpMMTest.validation (422 ms)
[ RUN      ] SpMMTest.cusparse_performance
[..A3/test/test_spmm.cu:52 (TestBody)] time = 0.00299417 (double)
[       OK ] SpMMTest.cusparse_performance (1192 ms)
[ RUN      ] SpMMTest.opt_performance
[..A3/test/test_spmm.cu:61 (TestBody)] time = 0.00357273 (double)
[       OK ] SpMMTest.opt_performance (113 ms)
[----------] 3 tests from SpMMTest (1729 ms total)

[----------] Global test environment tear-down
[==========] 3 tests from 1 test suite ran. (1729 ms total)
[  PASSED  ] 3 tests.
[..0944/PA3/src/util.cu:74 (argParse)] dset = "collab" (std::string)
[..0944/PA3/src/data.cu:5 (load_graph)] loading
[..44/PA3/test/main.cpp:15 (main)] kLen = 256 (int)
Note: Google Test filter = SpMMTest.*
[==========] Running 3 tests from 1 test suite.
[----------] Global test environment set-up.
[----------] 3 tests from SpMMTest
[ RUN      ] SpMMTest.validation
[       OK ] SpMMTest.validation (224 ms)
[ RUN      ] SpMMTest.cusparse_performance
[..A3/test/test_spmm.cu:52 (TestBody)] time = 0.00520326 (double)
[       OK ] SpMMTest.cusparse_performance (355 ms)
[ RUN      ] SpMMTest.opt_performance
[..A3/test/test_spmm.cu:61 (TestBody)] time = 0.00458327 (double)
[       OK ] SpMMTest.opt_performance (142 ms)
[----------] 3 tests from SpMMTest (722 ms total)

[----------] Global test environment tear-down
[==========] 3 tests from 1 test suite ran. (722 ms total)
[  PASSED  ] 3 tests.
[..0944/PA3/src/util.cu:74 (argParse)] dset = "citation" (std::string)
[..0944/PA3/src/data.cu:5 (load_graph)] loading
[..44/PA3/test/main.cpp:15 (main)] kLen = 256 (int)
Note: Google Test filter = SpMMTest.*
[==========] Running 3 tests from 1 test suite.
[----------] Global test environment set-up.
[----------] 3 tests from SpMMTest
[ RUN      ] SpMMTest.validation
[       OK ] SpMMTest.validation (2945 ms)
[ RUN      ] SpMMTest.cusparse_performance
[..A3/test/test_spmm.cu:52 (TestBody)] time = 0.0788203 (double)
[       OK ] SpMMTest.cusparse_performance (2441 ms)
[ RUN      ] SpMMTest.opt_performance
[..A3/test/test_spmm.cu:61 (TestBody)] time = 0.0691053 (double)
[       OK ] SpMMTest.opt_performance (1998 ms)
[----------] 3 tests from SpMMTest (7385 ms total)

[----------] Global test environment tear-down
[==========] 3 tests from 1 test suite ran. (7385 ms total)
[  PASSED  ] 3 tests.
[..0944/PA3/src/util.cu:74 (argParse)] dset = "ddi" (std::string)
[..0944/PA3/src/data.cu:5 (load_graph)] loading
[..44/PA3/test/main.cpp:15 (main)] kLen = 256 (int)
Note: Google Test filter = SpMMTest.*
[==========] Running 3 tests from 1 test suite.
[----------] Global test environment set-up.
[----------] 3 tests from SpMMTest
[ RUN      ] SpMMTest.validation
[       OK ] SpMMTest.validation (104 ms)
[ RUN      ] SpMMTest.cusparse_performance
[..A3/test/test_spmm.cu:52 (TestBody)] time = 0.00154294 (double)
[       OK ] SpMMTest.cusparse_performance (239 ms)
[ RUN      ] SpMMTest.opt_performance
[..A3/test/test_spmm.cu:61 (TestBody)] time = 0.00159031 (double)
[       OK ] SpMMTest.opt_performance (41 ms)
[----------] 3 tests from SpMMTest (385 ms total)

[----------] Global test environment tear-down
[==========] 3 tests from 1 test suite ran. (385 ms total)
[  PASSED  ] 3 tests.
[..0944/PA3/src/util.cu:74 (argParse)] dset = "protein" (std::string)
[..0944/PA3/src/data.cu:5 (load_graph)] loading
[..44/PA3/test/main.cpp:15 (main)] kLen = 256 (int)
Note: Google Test filter = SpMMTest.*
[==========] Running 3 tests from 1 test suite.
[----------] Global test environment set-up.
[----------] 3 tests from SpMMTest
[ RUN      ] SpMMTest.validation
[       OK ] SpMMTest.validation (7428 ms)
[ RUN      ] SpMMTest.cusparse_performance
[..A3/test/test_spmm.cu:52 (TestBody)] time = 0.0804363 (double)
[       OK ] SpMMTest.cusparse_performance (2228 ms)
[ RUN      ] SpMMTest.opt_performance
[..A3/test/test_spmm.cu:61 (TestBody)] time = 0.098538 (double)
[       OK ] SpMMTest.opt_performance (2490 ms)
[----------] 3 tests from SpMMTest (12147 ms total)

[----------] Global test environment tear-down
[==========] 3 tests from 1 test suite ran. (12147 ms total)
[  PASSED  ] 3 tests.
[..0944/PA3/src/util.cu:74 (argParse)] dset = "ppa" (std::string)
[..0944/PA3/src/data.cu:5 (load_graph)] loading
[..44/PA3/test/main.cpp:15 (main)] kLen = 256 (int)
Note: Google Test filter = SpMMTest.*
[==========] Running 3 tests from 1 test suite.
[----------] Global test environment set-up.
[----------] 3 tests from SpMMTest
[ RUN      ] SpMMTest.validation
[       OK ] SpMMTest.validation (3867 ms)
[ RUN      ] SpMMTest.cusparse_performance
[..A3/test/test_spmm.cu:52 (TestBody)] time = 0.0849674 (double)
[       OK ] SpMMTest.cusparse_performance (2366 ms)
[ RUN      ] SpMMTest.opt_performance
[..A3/test/test_spmm.cu:61 (TestBody)] time = 0.0825194 (double)
[       OK ] SpMMTest.opt_performance (2108 ms)
[----------] 3 tests from SpMMTest (8342 ms total)

[----------] Global test environment tear-down
[==========] 3 tests from 1 test suite ran. (8342 ms total)
[  PASSED  ] 3 tests.
[..0944/PA3/src/util.cu:74 (argParse)] dset = "reddit.dgl" (std::string)
[..0944/PA3/src/data.cu:5 (load_graph)] loading
[..44/PA3/test/main.cpp:15 (main)] kLen = 256 (int)
Note: Google Test filter = SpMMTest.*
[==========] Running 3 tests from 1 test suite.
[----------] Global test environment set-up.
[----------] 3 tests from SpMMTest
[ RUN      ] SpMMTest.validation
[       OK ] SpMMTest.validation (10259 ms)
[ RUN      ] SpMMTest.cusparse_performance
[..A3/test/test_spmm.cu:52 (TestBody)] time = 0.202111 (double)
[       OK ] SpMMTest.cusparse_performance (5283 ms)
[ RUN      ] SpMMTest.opt_performance
[..A3/test/test_spmm.cu:61 (TestBody)] time = 0.20671 (double)
[       OK ] SpMMTest.opt_performance (5207 ms)
[----------] 3 tests from SpMMTest (20749 ms total)

[----------] Global test environment tear-down
[==========] 3 tests from 1 test suite ran. (20749 ms total)
[  PASSED  ] 3 tests.
[..0944/PA3/src/util.cu:74 (argParse)] dset = "products" (std::string)
[..0944/PA3/src/data.cu:5 (load_graph)] loading
[..44/PA3/test/main.cpp:15 (main)] kLen = 256 (int)
Note: Google Test filter = SpMMTest.*
[==========] Running 3 tests from 1 test suite.
[----------] Global test environment set-up.
[----------] 3 tests from SpMMTest
[ RUN      ] SpMMTest.validation
[       OK ] SpMMTest.validation (11352 ms)
[ RUN      ] SpMMTest.cusparse_performance
[..A3/test/test_spmm.cu:52 (TestBody)] time = 0.258376 (double)
[       OK ] SpMMTest.cusparse_performance (6847 ms)
[ RUN      ] SpMMTest.opt_performance
[..A3/test/test_spmm.cu:61 (TestBody)] time = 0.245716 (double)
[       OK ] SpMMTest.opt_performance (6360 ms)
[----------] 3 tests from SpMMTest (24560 ms total)

[----------] Global test environment tear-down
[==========] 3 tests from 1 test suite ran. (24560 ms total)
[  PASSED  ] 3 tests.
[..0944/PA3/src/util.cu:74 (argParse)] dset = "youtube" (std::string)
[..0944/PA3/src/data.cu:5 (load_graph)] loading
[..44/PA3/test/main.cpp:15 (main)] kLen = 256 (int)
Note: Google Test filter = SpMMTest.*
[==========] Running 3 tests from 1 test suite.
[----------] Global test environment set-up.
[----------] 3 tests from SpMMTest
[ RUN      ] SpMMTest.validation
[       OK ] SpMMTest.validation (1238 ms)
[ RUN      ] SpMMTest.cusparse_performance
[..A3/test/test_spmm.cu:52 (TestBody)] time = 0.0144278 (double)
[       OK ] SpMMTest.cusparse_performance (629 ms)
[ RUN      ] SpMMTest.opt_performance
[..A3/test/test_spmm.cu:61 (TestBody)] time = 0.0136228 (double)
[       OK ] SpMMTest.opt_performance (398 ms)
[----------] 3 tests from SpMMTest (2266 ms total)

[----------] Global test environment tear-down
[==========] 3 tests from 1 test suite ran. (2267 ms total)
[  PASSED  ] 3 tests.
[..0944/PA3/src/util.cu:74 (argParse)] dset = "amazon_cogdl" (std::string)
[..0944/PA3/src/data.cu:5 (load_graph)] loading
[..44/PA3/test/main.cpp:15 (main)] kLen = 256 (int)
Note: Google Test filter = SpMMTest.*
[==========] Running 3 tests from 1 test suite.
[----------] Global test environment set-up.
[----------] 3 tests from SpMMTest
[ RUN      ] SpMMTest.validation
[       OK ] SpMMTest.validation (22026 ms)
[ RUN      ] SpMMTest.cusparse_performance
[..A3/test/test_spmm.cu:52 (TestBody)] time = 0.515562 (double)
[       OK ] SpMMTest.cusparse_performance (13211 ms)
[ RUN      ] SpMMTest.opt_performance
[..A3/test/test_spmm.cu:61 (TestBody)] time = 0.488543 (double)
[       OK ] SpMMTest.opt_performance (12306 ms)
[----------] 3 tests from SpMMTest (47545 ms total)

[----------] Global test environment tear-down
[==========] 3 tests from 1 test suite ran. (47545 ms total)
[  PASSED  ] 3 tests.
[..0944/PA3/src/util.cu:74 (argParse)] dset = "yelp" (std::string)
[..0944/PA3/src/data.cu:5 (load_graph)] loading
[..44/PA3/test/main.cpp:15 (main)] kLen = 256 (int)
Note: Google Test filter = SpMMTest.*
[==========] Running 3 tests from 1 test suite.
[----------] Global test environment set-up.
[----------] 3 tests from SpMMTest
[ RUN      ] SpMMTest.validation
[       OK ] SpMMTest.validation (1338 ms)
[ RUN      ] SpMMTest.cusparse_performance
[..A3/test/test_spmm.cu:52 (TestBody)] time = 0.0299801 (double)
[       OK ] SpMMTest.cusparse_performance (995 ms)
[ RUN      ] SpMMTest.opt_performance
[..A3/test/test_spmm.cu:61 (TestBody)] time = 0.028414 (double)
[       OK ] SpMMTest.opt_performance (756 ms)
[----------] 3 tests from SpMMTest (3090 ms total)

[----------] Global test environment tear-down
[==========] 3 tests from 1 test suite ran. (3090 ms total)
[  PASSED  ] 3 tests.
[..0944/PA3/src/util.cu:74 (argParse)] dset = "wikikg2" (std::string)
[..0944/PA3/src/data.cu:5 (load_graph)] loading
[..44/PA3/test/main.cpp:15 (main)] kLen = 256 (int)
Note: Google Test filter = SpMMTest.*
[==========] Running 3 tests from 1 test suite.
[----------] Global test environment set-up.
[----------] 3 tests from SpMMTest
[ RUN      ] SpMMTest.validation
[       OK ] SpMMTest.validation (567 ms)
[ RUN      ] SpMMTest.cusparse_performance
[..A3/test/test_spmm.cu:52 (TestBody)] time = 0.0166497 (double)
[       OK ] SpMMTest.cusparse_performance (774 ms)
[ RUN      ] SpMMTest.opt_performance
[..A3/test/test_spmm.cu:61 (TestBody)] time = 0.0191718 (double)
[       OK ] SpMMTest.opt_performance (700 ms)
[----------] 3 tests from SpMMTest (2042 ms total)

[----------] Global test environment tear-down
[==========] 3 tests from 1 test suite ran. (2042 ms total)
[  PASSED  ] 3 tests.
[..0944/PA3/src/util.cu:74 (argParse)] dset = "am" (std::string)
[..0944/PA3/src/data.cu:5 (load_graph)] loading
[..44/PA3/test/main.cpp:15 (main)] kLen = 256 (int)
Note: Google Test filter = SpMMTest.*
[==========] Running 3 tests from 1 test suite.
[----------] Global test environment set-up.
[----------] 3 tests from SpMMTest
[ RUN      ] SpMMTest.validation
[       OK ] SpMMTest.validation (4950 ms)
[ RUN      ] SpMMTest.cusparse_performance
[..A3/test/test_spmm.cu:52 (TestBody)] time = 0.0133999 (double)
[       OK ] SpMMTest.cusparse_performance (595 ms)
[ RUN      ] SpMMTest.opt_performance
[..A3/test/test_spmm.cu:61 (TestBody)] time = 0.0222614 (double)
[       OK ] SpMMTest.opt_performance (610 ms)
[----------] 3 tests from SpMMTest (6157 ms total)

[----------] Global test environment tear-down
[==========] 3 tests from 1 test suite ran. (6157 ms total)
[  PASSED  ] 3 tests.
