[..0944/PA3/src/util.cu:74 (argParse)] dset = "arxiv" (std::string)
[..0944/PA3/src/data.cu:5 (load_graph)] loading
[..44/PA3/test/main.cpp:15 (main)] kLen = 32 (int)
Note: Google Test filter = SpMMTest.*
[==========] Running 3 tests from 1 test suite.
[----------] Global test environment set-up.
[----------] 3 tests from SpMMTest
[ RUN      ] SpMMTest.validation
[       OK ] SpMMTest.validation (55 ms)
[ RUN      ] SpMMTest.cusparse_performance
[..A3/test/test_spmm.cu:52 (TestBody)] time = 0.000771431 (double)
[       OK ] SpMMTest.cusparse_performance (1119 ms)
[ RUN      ] SpMMTest.opt_performance
[..A3/test/test_spmm.cu:61 (TestBody)] time = 0.00116132 (double)
[       OK ] SpMMTest.opt_performance (32 ms)
[----------] 3 tests from SpMMTest (1207 ms total)

[----------] Global test environment tear-down
[==========] 3 tests from 1 test suite ran. (1208 ms total)
[  PASSED  ] 3 tests.
[..0944/PA3/src/util.cu:74 (argParse)] dset = "collab" (std::string)
[..0944/PA3/src/data.cu:5 (load_graph)] loading
[..44/PA3/test/main.cpp:15 (main)] kLen = 32 (int)
Note: Google Test filter = SpMMTest.*
[==========] Running 3 tests from 1 test suite.
[----------] Global test environment set-up.
[----------] 3 tests from SpMMTest
[ RUN      ] SpMMTest.validation
[       OK ] SpMMTest.validation (30 ms)
[ RUN      ] SpMMTest.cusparse_performance
[..A3/test/test_spmm.cu:52 (TestBody)] time = 0.00133335 (double)
[       OK ] SpMMTest.cusparse_performance (229 ms)
[ RUN      ] SpMMTest.opt_performance
[..A3/test/test_spmm.cu:61 (TestBody)] time = 0.000627966 (double)
[       OK ] SpMMTest.opt_performance (20 ms)
[----------] 3 tests from SpMMTest (280 ms total)

[----------] Global test environment tear-down
[==========] 3 tests from 1 test suite ran. (280 ms total)
[  PASSED  ] 3 tests.
[..0944/PA3/src/util.cu:74 (argParse)] dset = "citation" (std::string)
[..0944/PA3/src/data.cu:5 (load_graph)] loading
[..44/PA3/test/main.cpp:15 (main)] kLen = 32 (int)
Note: Google Test filter = SpMMTest.*
[==========] Running 3 tests from 1 test suite.
[----------] Global test environment set-up.
[----------] 3 tests from SpMMTest
[ RUN      ] SpMMTest.validation
[       OK ] SpMMTest.validation (361 ms)
[ RUN      ] SpMMTest.cusparse_performance
[..A3/test/test_spmm.cu:52 (TestBody)] time = 0.0164589 (double)
[       OK ] SpMMTest.cusparse_performance (644 ms)
[ RUN      ] SpMMTest.opt_performance
[..A3/test/test_spmm.cu:61 (TestBody)] time = 0.00899942 (double)
[       OK ] SpMMTest.opt_performance (262 ms)
[----------] 3 tests from SpMMTest (1269 ms total)

[----------] Global test environment tear-down
[==========] 3 tests from 1 test suite ran. (1269 ms total)
[  PASSED  ] 3 tests.
[..0944/PA3/src/util.cu:74 (argParse)] dset = "ddi" (std::string)
[..0944/PA3/src/data.cu:5 (load_graph)] loading
[..44/PA3/test/main.cpp:15 (main)] kLen = 32 (int)
Note: Google Test filter = SpMMTest.*
[==========] Running 3 tests from 1 test suite.
[----------] Global test environment set-up.
[----------] 3 tests from SpMMTest
[ RUN      ] SpMMTest.validation
[       OK ] SpMMTest.validation (16 ms)
[ RUN      ] SpMMTest.cusparse_performance
[..A3/test/test_spmm.cu:52 (TestBody)] time = 0.00063959 (double)
[       OK ] SpMMTest.cusparse_performance (221 ms)
[ RUN      ] SpMMTest.opt_performance
[..A3/test/test_spmm.cu:61 (TestBody)] time = 0.000276809 (double)
[       OK ] SpMMTest.opt_performance (7 ms)
[----------] 3 tests from SpMMTest (245 ms total)

[----------] Global test environment tear-down
[==========] 3 tests from 1 test suite ran. (245 ms total)
[  PASSED  ] 3 tests.
[..0944/PA3/src/util.cu:74 (argParse)] dset = "protein" (std::string)
[..0944/PA3/src/data.cu:5 (load_graph)] loading
[..44/PA3/test/main.cpp:15 (main)] kLen = 32 (int)
Note: Google Test filter = SpMMTest.*
[==========] Running 3 tests from 1 test suite.
[----------] Global test environment set-up.
[----------] 3 tests from SpMMTest
[ RUN      ] SpMMTest.validation
[       OK ] SpMMTest.validation (813 ms)
[ RUN      ] SpMMTest.cusparse_performance
[..A3/test/test_spmm.cu:52 (TestBody)] time = 0.0245792 (double)
[       OK ] SpMMTest.cusparse_performance (824 ms)
[ RUN      ] SpMMTest.opt_performance
[..A3/test/test_spmm.cu:61 (TestBody)] time = 0.00817782 (double)
[       OK ] SpMMTest.opt_performance (219 ms)
[----------] 3 tests from SpMMTest (1857 ms total)

[----------] Global test environment tear-down
[==========] 3 tests from 1 test suite ran. (1858 ms total)
[  PASSED  ] 3 tests.
[..0944/PA3/src/util.cu:74 (argParse)] dset = "ppa" (std::string)
[..0944/PA3/src/data.cu:5 (load_graph)] loading
[..44/PA3/test/main.cpp:15 (main)] kLen = 32 (int)
Note: Google Test filter = SpMMTest.*
[==========] Running 3 tests from 1 test suite.
[----------] Global test environment set-up.
[----------] 3 tests from SpMMTest
[ RUN      ] SpMMTest.validation
[       OK ] SpMMTest.validation (469 ms)
[ RUN      ] SpMMTest.cusparse_performance
[..A3/test/test_spmm.cu:52 (TestBody)] time = 0.0183987 (double)
[       OK ] SpMMTest.cusparse_performance (679 ms)
[ RUN      ] SpMMTest.opt_performance
[..A3/test/test_spmm.cu:61 (TestBody)] time = 0.0102092 (double)
[       OK ] SpMMTest.opt_performance (271 ms)
[----------] 3 tests from SpMMTest (1420 ms total)

[----------] Global test environment tear-down
[==========] 3 tests from 1 test suite ran. (1420 ms total)
[  PASSED  ] 3 tests.
[..0944/PA3/src/util.cu:74 (argParse)] dset = "reddit.dgl" (std::string)
[..0944/PA3/src/data.cu:5 (load_graph)] loading
[..44/PA3/test/main.cpp:15 (main)] kLen = 32 (int)
Note: Google Test filter = SpMMTest.*
[==========] Running 3 tests from 1 test suite.
[----------] Global test environment set-up.
[----------] 3 tests from SpMMTest
[ RUN      ] SpMMTest.validation
[       OK ] SpMMTest.validation (1134 ms)
[ RUN      ] SpMMTest.cusparse_performance
[..A3/test/test_spmm.cu:52 (TestBody)] time = 0.0483101 (double)
[       OK ] SpMMTest.cusparse_performance (1424 ms)
[ RUN      ] SpMMTest.opt_performance
[..A3/test/test_spmm.cu:61 (TestBody)] time = 0.0215012 (double)
[       OK ] SpMMTest.opt_performance (557 ms)
[----------] 3 tests from SpMMTest (3117 ms total)

[----------] Global test environment tear-down
[==========] 3 tests from 1 test suite ran. (3117 ms total)
[  PASSED  ] 3 tests.
[..0944/PA3/src/util.cu:74 (argParse)] dset = "products" (std::string)
[..0944/PA3/src/data.cu:5 (load_graph)] loading
[..44/PA3/test/main.cpp:15 (main)] kLen = 32 (int)
Note: Google Test filter = SpMMTest.*
[==========] Running 3 tests from 1 test suite.
[----------] Global test environment set-up.
[----------] 3 tests from SpMMTest
[ RUN      ] SpMMTest.validation
[       OK ] SpMMTest.validation (1404 ms)
[ RUN      ] SpMMTest.cusparse_performance
[..A3/test/test_spmm.cu:52 (TestBody)] time = 0.0558479 (double)
[       OK ] SpMMTest.cusparse_performance (1631 ms)
[ RUN      ] SpMMTest.opt_performance
[..A3/test/test_spmm.cu:61 (TestBody)] time = 0.0319091 (double)
[       OK ] SpMMTest.opt_performance (841 ms)
[----------] 3 tests from SpMMTest (3877 ms total)

[----------] Global test environment tear-down
[==========] 3 tests from 1 test suite ran. (3877 ms total)
[  PASSED  ] 3 tests.
[..0944/PA3/src/util.cu:74 (argParse)] dset = "youtube" (std::string)
[..0944/PA3/src/data.cu:5 (load_graph)] loading
[..44/PA3/test/main.cpp:15 (main)] kLen = 32 (int)
Note: Google Test filter = SpMMTest.*
[==========] Running 3 tests from 1 test suite.
[----------] Global test environment set-up.
[----------] 3 tests from SpMMTest
[ RUN      ] SpMMTest.validation
[       OK ] SpMMTest.validation (157 ms)
[ RUN      ] SpMMTest.cusparse_performance
[..A3/test/test_spmm.cu:52 (TestBody)] time = 0.00364161 (double)
[       OK ] SpMMTest.cusparse_performance (306 ms)
[ RUN      ] SpMMTest.opt_performance
[..A3/test/test_spmm.cu:61 (TestBody)] time = 0.00311248 (double)
[       OK ] SpMMTest.opt_performance (95 ms)
[----------] 3 tests from SpMMTest (558 ms total)

[----------] Global test environment tear-down
[==========] 3 tests from 1 test suite ran. (559 ms total)
[  PASSED  ] 3 tests.
[..0944/PA3/src/util.cu:74 (argParse)] dset = "amazon_cogdl" (std::string)
[..0944/PA3/src/data.cu:5 (load_graph)] loading
[..44/PA3/test/main.cpp:15 (main)] kLen = 32 (int)
Note: Google Test filter = SpMMTest.*
[==========] Running 3 tests from 1 test suite.
[----------] Global test environment set-up.
[----------] 3 tests from SpMMTest
[ RUN      ] SpMMTest.validation
[       OK ] SpMMTest.validation (2557 ms)
[ RUN      ] SpMMTest.cusparse_performance
[..A3/test/test_spmm.cu:52 (TestBody)] time = 0.123909 (double)
[       OK ] SpMMTest.cusparse_performance (3332 ms)
[ RUN      ] SpMMTest.opt_performance
[..A3/test/test_spmm.cu:61 (TestBody)] time = 0.0535722 (double)
[       OK ] SpMMTest.opt_performance (1386 ms)
[----------] 3 tests from SpMMTest (7276 ms total)

[----------] Global test environment tear-down
[==========] 3 tests from 1 test suite ran. (7276 ms total)
[  PASSED  ] 3 tests.
[..0944/PA3/src/util.cu:74 (argParse)] dset = "yelp" (std::string)
[..0944/PA3/src/data.cu:5 (load_graph)] loading
[..44/PA3/test/main.cpp:15 (main)] kLen = 32 (int)
Note: Google Test filter = SpMMTest.*
[==========] Running 3 tests from 1 test suite.
[----------] Global test environment set-up.
[----------] 3 tests from SpMMTest
[ RUN      ] SpMMTest.validation
[       OK ] SpMMTest.validation (160 ms)
[ RUN      ] SpMMTest.cusparse_performance
[..A3/test/test_spmm.cu:52 (TestBody)] time = 0.00657728 (double)
[       OK ] SpMMTest.cusparse_performance (380 ms)
[ RUN      ] SpMMTest.opt_performance
[..A3/test/test_spmm.cu:61 (TestBody)] time = 0.00350786 (double)
[       OK ] SpMMTest.opt_performance (101 ms)
[----------] 3 tests from SpMMTest (642 ms total)

[----------] Global test environment tear-down
[==========] 3 tests from 1 test suite ran. (642 ms total)
[  PASSED  ] 3 tests.
[..0944/PA3/src/util.cu:74 (argParse)] dset = "wikikg2" (std::string)
[..0944/PA3/src/data.cu:5 (load_graph)] loading
[..44/PA3/test/main.cpp:15 (main)] kLen = 32 (int)
Note: Google Test filter = SpMMTest.*
[==========] Running 3 tests from 1 test suite.
[----------] Global test environment set-up.
[----------] 3 tests from SpMMTest
[ RUN      ] SpMMTest.validation
[       OK ] SpMMTest.validation (68 ms)
[ RUN      ] SpMMTest.cusparse_performance
[..A3/test/test_spmm.cu:52 (TestBody)] time = 0.00713677 (double)
[       OK ] SpMMTest.cusparse_performance (406 ms)
[ RUN      ] SpMMTest.opt_performance
[..A3/test/test_spmm.cu:61 (TestBody)] time = 0.00440451 (double)
[       OK ] SpMMTest.opt_performance (139 ms)
[----------] 3 tests from SpMMTest (615 ms total)

[----------] Global test environment tear-down
[==========] 3 tests from 1 test suite ran. (615 ms total)
[  PASSED  ] 3 tests.
[..0944/PA3/src/util.cu:74 (argParse)] dset = "am" (std::string)
[..0944/PA3/src/data.cu:5 (load_graph)] loading
[..44/PA3/test/main.cpp:15 (main)] kLen = 32 (int)
Note: Google Test filter = SpMMTest.*
[==========] Running 3 tests from 1 test suite.
[----------] Global test environment set-up.
[----------] 3 tests from SpMMTest
[ RUN      ] SpMMTest.validation
[       OK ] SpMMTest.validation (634 ms)
[ RUN      ] SpMMTest.cusparse_performance
[..A3/test/test_spmm.cu:52 (TestBody)] time = 0.00373793 (double)
[       OK ] SpMMTest.cusparse_performance (303 ms)
[ RUN      ] SpMMTest.opt_performance
[..A3/test/test_spmm.cu:61 (TestBody)] time = 0.0128125 (double)
[       OK ] SpMMTest.opt_performance (335 ms)
[----------] 3 tests from SpMMTest (1272 ms total)

[----------] Global test environment tear-down
[==========] 3 tests from 1 test suite ran. (1272 ms total)
[  PASSED  ] 3 tests.
