[..0944/PA3/src/util.cu:74 (argParse)] dset = "arxiv" (std::string)
[..0944/PA3/src/data.cu:5 (load_graph)] loading
[..44/PA3/test/main.cpp:15 (main)] kLen = 256 (int)
Note: Google Test filter = SpMMTest.*
[==========] Running 3 tests from 1 test suite.
[----------] Global test environment set-up.
[----------] 3 tests from SpMMTest
[ RUN      ] SpMMTest.validation
MAX_NUM_NNZ_PER_ROW: 13155
[       OK ] SpMMTest.validation (407 ms)
[ RUN      ] SpMMTest.cusparse_performance
[..A3/test/test_spmm.cu:52 (TestBody)] time = 0.00299513 (double)
[       OK ] SpMMTest.cusparse_performance (1198 ms)
[ RUN      ] SpMMTest.opt_performance
MAX_NUM_NNZ_PER_ROW: 13155
[..A3/test/test_spmm.cu:61 (TestBody)] time = 0.00371592 (double)
[       OK ] SpMMTest.opt_performance (114 ms)
[----------] 3 tests from SpMMTest (1721 ms total)

[----------] Global test environment tear-down
[==========] 3 tests from 1 test suite ran. (1721 ms total)
[  PASSED  ] 3 tests.
[..0944/PA3/src/util.cu:74 (argParse)] dset = "collab" (std::string)
[..0944/PA3/src/data.cu:5 (load_graph)] loading
[..44/PA3/test/main.cpp:15 (main)] kLen = 256 (int)
Note: Google Test filter = SpMMTest.*
[==========] Running 3 tests from 1 test suite.
[----------] Global test environment set-up.
[----------] 3 tests from SpMMTest
[ RUN      ] SpMMTest.validation
MAX_NUM_NNZ_PER_ROW: 671
[       OK ] SpMMTest.validation (222 ms)
[ RUN      ] SpMMTest.cusparse_performance
[..A3/test/test_spmm.cu:52 (TestBody)] time = 0.00520226 (double)
[       OK ] SpMMTest.cusparse_performance (358 ms)
[ RUN      ] SpMMTest.opt_performance
MAX_NUM_NNZ_PER_ROW: 671
[..A3/test/test_spmm.cu:61 (TestBody)] time = 0.00434216 (double)
[       OK ] SpMMTest.opt_performance (136 ms)
[----------] 3 tests from SpMMTest (718 ms total)

[----------] Global test environment tear-down
[==========] 3 tests from 1 test suite ran. (718 ms total)
[  PASSED  ] 3 tests.
[..0944/PA3/src/util.cu:74 (argParse)] dset = "citation" (std::string)
[..0944/PA3/src/data.cu:5 (load_graph)] loading
[..44/PA3/test/main.cpp:15 (main)] kLen = 256 (int)
Note: Google Test filter = SpMMTest.*
[==========] Running 3 tests from 1 test suite.
[----------] Global test environment set-up.
[----------] 3 tests from SpMMTest
[ RUN      ] SpMMTest.validation
MAX_NUM_NNZ_PER_ROW: 1738
[       OK ] SpMMTest.validation (2960 ms)
[ RUN      ] SpMMTest.cusparse_performance
[..A3/test/test_spmm.cu:52 (TestBody)] time = 0.0788464 (double)
[       OK ] SpMMTest.cusparse_performance (2440 ms)
[ RUN      ] SpMMTest.opt_performance
MAX_NUM_NNZ_PER_ROW: 1738
[..A3/test/test_spmm.cu:61 (TestBody)] time = 0.0691967 (double)
[       OK ] SpMMTest.opt_performance (2037 ms)
[----------] 3 tests from SpMMTest (7438 ms total)

[----------] Global test environment tear-down
[==========] 3 tests from 1 test suite ran. (7438 ms total)
[  PASSED  ] 3 tests.
[..0944/PA3/src/util.cu:74 (argParse)] dset = "ddi" (std::string)
[..0944/PA3/src/data.cu:5 (load_graph)] loading
[..44/PA3/test/main.cpp:15 (main)] kLen = 256 (int)
Note: Google Test filter = SpMMTest.*
[==========] Running 3 tests from 1 test suite.
[----------] Global test environment set-up.
[----------] 3 tests from SpMMTest
[ RUN      ] SpMMTest.validation
MAX_NUM_NNZ_PER_ROW: 2234
[       OK ] SpMMTest.validation (104 ms)
[ RUN      ] SpMMTest.cusparse_performance
[..A3/test/test_spmm.cu:52 (TestBody)] time = 0.00154669 (double)
[       OK ] SpMMTest.cusparse_performance (244 ms)
[ RUN      ] SpMMTest.opt_performance
MAX_NUM_NNZ_PER_ROW: 2234
[..A3/test/test_spmm.cu:61 (TestBody)] time = 0.00156743 (double)
[       OK ] SpMMTest.opt_performance (40 ms)
[----------] 3 tests from SpMMTest (389 ms total)

[----------] Global test environment tear-down
[==========] 3 tests from 1 test suite ran. (389 ms total)
[  PASSED  ] 3 tests.
[..0944/PA3/src/util.cu:74 (argParse)] dset = "protein" (std::string)
[..0944/PA3/src/data.cu:5 (load_graph)] loading
[..44/PA3/test/main.cpp:15 (main)] kLen = 256 (int)
Note: Google Test filter = SpMMTest.*
[==========] Running 3 tests from 1 test suite.
[----------] Global test environment set-up.
[----------] 3 tests from SpMMTest
[ RUN      ] SpMMTest.validation
MAX_NUM_NNZ_PER_ROW: 7750
[       OK ] SpMMTest.validation (7192 ms)
[ RUN      ] SpMMTest.cusparse_performance
[..A3/test/test_spmm.cu:52 (TestBody)] time = 0.080414 (double)
[       OK ] SpMMTest.cusparse_performance (2230 ms)
[ RUN      ] SpMMTest.opt_performance
MAX_NUM_NNZ_PER_ROW: 7750
[..A3/test/test_spmm.cu:61 (TestBody)] time = 0.0681947 (double)
[       OK ] SpMMTest.opt_performance (1730 ms)
[----------] 3 tests from SpMMTest (11152 ms total)

[----------] Global test environment tear-down
[==========] 3 tests from 1 test suite ran. (11152 ms total)
[  PASSED  ] 3 tests.
[..0944/PA3/src/util.cu:74 (argParse)] dset = "ppa" (std::string)
[..0944/PA3/src/data.cu:5 (load_graph)] loading
[..44/PA3/test/main.cpp:15 (main)] kLen = 256 (int)
Note: Google Test filter = SpMMTest.*
[==========] Running 3 tests from 1 test suite.
[----------] Global test environment set-up.
[----------] 3 tests from SpMMTest
[ RUN      ] SpMMTest.validation
MAX_NUM_NNZ_PER_ROW: 3241
[       OK ] SpMMTest.validation (3858 ms)
[ RUN      ] SpMMTest.cusparse_performance
[..A3/test/test_spmm.cu:52 (TestBody)] time = 0.0849576 (double)
[       OK ] SpMMTest.cusparse_performance (2368 ms)
[ RUN      ] SpMMTest.opt_performance
MAX_NUM_NNZ_PER_ROW: 3241
[..A3/test/test_spmm.cu:61 (TestBody)] time = 0.0809044 (double)
[       OK ] SpMMTest.opt_performance (2081 ms)
[----------] 3 tests from SpMMTest (8308 ms total)

[----------] Global test environment tear-down
[==========] 3 tests from 1 test suite ran. (8308 ms total)
[  PASSED  ] 3 tests.
[..0944/PA3/src/util.cu:74 (argParse)] dset = "reddit.dgl" (std::string)
[..0944/PA3/src/data.cu:5 (load_graph)] loading
[..44/PA3/test/main.cpp:15 (main)] kLen = 256 (int)
Note: Google Test filter = SpMMTest.*
[==========] Running 3 tests from 1 test suite.
[----------] Global test environment set-up.
[----------] 3 tests from SpMMTest
[ RUN      ] SpMMTest.validation
MAX_NUM_NNZ_PER_ROW: 21657
[       OK ] SpMMTest.validation (10206 ms)
[ RUN      ] SpMMTest.cusparse_performance
[..A3/test/test_spmm.cu:52 (TestBody)] time = 0.20213 (double)
[       OK ] SpMMTest.cusparse_performance (5283 ms)
[ RUN      ] SpMMTest.opt_performance
MAX_NUM_NNZ_PER_ROW: 21657
[..A3/test/test_spmm.cu:61 (TestBody)] time = 0.183067 (double)
[       OK ] SpMMTest.opt_performance (4613 ms)
[----------] 3 tests from SpMMTest (20102 ms total)

[----------] Global test environment tear-down
[==========] 3 tests from 1 test suite ran. (20102 ms total)
[  PASSED  ] 3 tests.
[..0944/PA3/src/util.cu:74 (argParse)] dset = "products" (std::string)
[..0944/PA3/src/data.cu:5 (load_graph)] loading
[..44/PA3/test/main.cpp:15 (main)] kLen = 256 (int)
Note: Google Test filter = SpMMTest.*
[==========] Running 3 tests from 1 test suite.
[----------] Global test environment set-up.
[----------] 3 tests from SpMMTest
[ RUN      ] SpMMTest.validation
MAX_NUM_NNZ_PER_ROW: 17481
[       OK ] SpMMTest.validation (11362 ms)
[ RUN      ] SpMMTest.cusparse_performance
[..A3/test/test_spmm.cu:52 (TestBody)] time = 0.258384 (double)
[       OK ] SpMMTest.cusparse_performance (6830 ms)
[ RUN      ] SpMMTest.opt_performance
MAX_NUM_NNZ_PER_ROW: 17481
[..A3/test/test_spmm.cu:61 (TestBody)] time = 0.247488 (double)
[       OK ] SpMMTest.opt_performance (6451 ms)
[----------] 3 tests from SpMMTest (24644 ms total)

[----------] Global test environment tear-down
[==========] 3 tests from 1 test suite ran. (24644 ms total)
[  PASSED  ] 3 tests.
[..0944/PA3/src/util.cu:74 (argParse)] dset = "youtube" (std::string)
[..0944/PA3/src/data.cu:5 (load_graph)] loading
[..44/PA3/test/main.cpp:15 (main)] kLen = 256 (int)
Note: Google Test filter = SpMMTest.*
[==========] Running 3 tests from 1 test suite.
[----------] Global test environment set-up.
[----------] 3 tests from SpMMTest
[ RUN      ] SpMMTest.validation
MAX_NUM_NNZ_PER_ROW: 28754
[       OK ] SpMMTest.validation (1269 ms)
[ RUN      ] SpMMTest.cusparse_performance
[..A3/test/test_spmm.cu:52 (TestBody)] time = 0.0144143 (double)
[       OK ] SpMMTest.cusparse_performance (635 ms)
[ RUN      ] SpMMTest.opt_performance
MAX_NUM_NNZ_PER_ROW: 28754
[..A3/test/test_spmm.cu:61 (TestBody)] time = 0.0143425 (double)
[       OK ] SpMMTest.opt_performance (439 ms)
[----------] 3 tests from SpMMTest (2343 ms total)

[----------] Global test environment tear-down
[==========] 3 tests from 1 test suite ran. (2343 ms total)
[  PASSED  ] 3 tests.
[..0944/PA3/src/util.cu:74 (argParse)] dset = "amazon_cogdl" (std::string)
[..0944/PA3/src/data.cu:5 (load_graph)] loading
[..44/PA3/test/main.cpp:15 (main)] kLen = 256 (int)
Note: Google Test filter = SpMMTest.*
[==========] Running 3 tests from 1 test suite.
[----------] Global test environment set-up.
[----------] 3 tests from SpMMTest
[ RUN      ] SpMMTest.validation
MAX_NUM_NNZ_PER_ROW: 75134
[       OK ] SpMMTest.validation (22056 ms)
[ RUN      ] SpMMTest.cusparse_performance
[..A3/test/test_spmm.cu:52 (TestBody)] time = 0.515687 (double)
[       OK ] SpMMTest.cusparse_performance (13221 ms)
[ RUN      ] SpMMTest.opt_performance
MAX_NUM_NNZ_PER_ROW: 75134
[..A3/test/test_spmm.cu:61 (TestBody)] time = 0.434197 (double)
[       OK ] SpMMTest.opt_performance (10977 ms)
[----------] 3 tests from SpMMTest (46255 ms total)

[----------] Global test environment tear-down
[==========] 3 tests from 1 test suite ran. (46255 ms total)
[  PASSED  ] 3 tests.
[..0944/PA3/src/util.cu:74 (argParse)] dset = "yelp" (std::string)
[..0944/PA3/src/data.cu:5 (load_graph)] loading
[..44/PA3/test/main.cpp:15 (main)] kLen = 256 (int)
Note: Google Test filter = SpMMTest.*
[==========] Running 3 tests from 1 test suite.
[----------] Global test environment set-up.
[----------] 3 tests from SpMMTest
[ RUN      ] SpMMTest.validation
MAX_NUM_NNZ_PER_ROW: 4886
[       OK ] SpMMTest.validation (1323 ms)
[ RUN      ] SpMMTest.cusparse_performance
[..A3/test/test_spmm.cu:52 (TestBody)] time = 0.0299773 (double)
[       OK ] SpMMTest.cusparse_performance (997 ms)
[ RUN      ] SpMMTest.opt_performance
MAX_NUM_NNZ_PER_ROW: 4886
[..A3/test/test_spmm.cu:61 (TestBody)] time = 0.0266581 (double)
[       OK ] SpMMTest.opt_performance (729 ms)
[----------] 3 tests from SpMMTest (3050 ms total)

[----------] Global test environment tear-down
[==========] 3 tests from 1 test suite ran. (3050 ms total)
[  PASSED  ] 3 tests.
[..0944/PA3/src/util.cu:74 (argParse)] dset = "wikikg2" (std::string)
[..0944/PA3/src/data.cu:5 (load_graph)] loading
[..44/PA3/test/main.cpp:15 (main)] kLen = 256 (int)
Note: Google Test filter = SpMMTest.*
[==========] Running 3 tests from 1 test suite.
[----------] Global test environment set-up.
[----------] 3 tests from SpMMTest
[ RUN      ] SpMMTest.validation
MAX_NUM_NNZ_PER_ROW: 911
[       OK ] SpMMTest.validation (582 ms)
[ RUN      ] SpMMTest.cusparse_performance
[..A3/test/test_spmm.cu:52 (TestBody)] time = 0.0166486 (double)
[       OK ] SpMMTest.cusparse_performance (774 ms)
[ RUN      ] SpMMTest.opt_performance
MAX_NUM_NNZ_PER_ROW: 911
[..A3/test/test_spmm.cu:61 (TestBody)] time = 0.0195885 (double)
[       OK ] SpMMTest.opt_performance (751 ms)
[----------] 3 tests from SpMMTest (2108 ms total)

[----------] Global test environment tear-down
[==========] 3 tests from 1 test suite ran. (2108 ms total)
[  PASSED  ] 3 tests.
[..0944/PA3/src/util.cu:74 (argParse)] dset = "am" (std::string)
[..0944/PA3/src/data.cu:5 (load_graph)] loading
[..44/PA3/test/main.cpp:15 (main)] kLen = 256 (int)
Note: Google Test filter = SpMMTest.*
[==========] Running 3 tests from 1 test suite.
[----------] Global test environment set-up.
[----------] 3 tests from SpMMTest
[ RUN      ] SpMMTest.validation
MAX_NUM_NNZ_PER_ROW: 154828
[       OK ] SpMMTest.validation (4953 ms)
[ RUN      ] SpMMTest.cusparse_performance
[..A3/test/test_spmm.cu:52 (TestBody)] time = 0.0134087 (double)
[       OK ] SpMMTest.cusparse_performance (589 ms)
[ RUN      ] SpMMTest.opt_performance
MAX_NUM_NNZ_PER_ROW: 154828
[..A3/test/test_spmm.cu:61 (TestBody)] time = 0.0251257 (double)
[       OK ] SpMMTest.opt_performance (700 ms)
[----------] 3 tests from SpMMTest (6242 ms total)

[----------] Global test environment tear-down
[==========] 3 tests from 1 test suite ran. (6242 ms total)
[  PASSED  ] 3 tests.
